pg_dump: последний системный OID: 16383
pg_dump: чтение расширений
pg_dump: выявление членов расширений
pg_dump: чтение схем
pg_dump: чтение пользовательских таблиц
pg_dump: чтение пользовательских функций
pg_dump: чтение пользовательских типов
pg_dump: чтение процедурных языков
pg_dump: чтение пользовательских агрегатных функций
pg_dump: чтение пользовательских операторов
pg_dump: чтение пользовательских методов доступа
pg_dump: чтение пользовательских классов операторов
pg_dump: чтение пользовательских семейств операторов
pg_dump: чтение пользовательских анализаторов текстового поиска
pg_dump: чтение пользовательских шаблонов текстового поиска
pg_dump: чтение пользовательских словарей текстового поиска
pg_dump: чтение пользовательских конфигураций текстового поиска
pg_dump: чтение пользовательских оболочек сторонних данных
pg_dump: чтение пользовательских сторонних серверов
pg_dump: чтение прав по умолчанию
pg_dump: чтение пользовательских правил сортировки
pg_dump: чтение пользовательских преобразований
pg_dump: чтение приведений типов
pg_dump: чтение преобразований
pg_dump: чтение информации о наследовании таблиц
pg_dump: чтение событийных триггеров
pg_dump: поиск таблиц расширений
pg_dump: поиск связей наследования
pg_dump: чтение информации о столбцах интересующих таблиц
pg_dump: поиск столбцов и типов таблицы "public.classroom"
pg_dump: поиск столбцов и типов таблицы "public.class"
pg_dump: поиск столбцов и типов таблицы "public.disciplines"
pg_dump: поиск столбцов и типов таблицы "public.lesson"
pg_dump: поиск столбцов и типов таблицы "public.literature"
pg_dump: поиск столбцов и типов таблицы "public.marks"
pg_dump: поиск столбцов и типов таблицы "public.students"
pg_dump: поиск столбцов и типов таблицы "public.subjects"
pg_dump: поиск столбцов и типов таблицы "public.teacher_subjects"
pg_dump: поиск столбцов и типов таблицы "public.teachers"
pg_dump: поиск столбцов и типов таблицы "public.timetable"
pg_dump: поиск столбцов и типов таблицы "public.visit"
pg_dump: поиск столбцов и типов таблицы "public.work_program"
pg_dump: поиск столбцов и типов таблицы "public.migrations"
pg_dump: поиск выражений по умолчанию для таблицы "public.migrations"
pg_dump: поиск столбцов и типов таблицы "public.users"
pg_dump: поиск выражений по умолчанию для таблицы "public.users"
pg_dump: поиск столбцов и типов таблицы "public.password_resets"
pg_dump: поиск столбцов и типов таблицы "public.failed_jobs"
pg_dump: поиск выражений по умолчанию для таблицы "public.failed_jobs"
pg_dump: поиск столбцов и типов таблицы "public.personal_access_tokens"
pg_dump: поиск выражений по умолчанию для таблицы "public.personal_access_tokens"
pg_dump: пометка наследованных столбцов в подтаблицах
pg_dump: чтение индексов
pg_dump: чтение индексов таблицы "public.classroom"
pg_dump: чтение индексов таблицы "public.class"
pg_dump: чтение индексов таблицы "public.disciplines"
pg_dump: чтение индексов таблицы "public.lesson"
pg_dump: чтение индексов таблицы "public.literature"
pg_dump: чтение индексов таблицы "public.marks"
pg_dump: чтение индексов таблицы "public.students"
pg_dump: чтение индексов таблицы "public.subjects"
pg_dump: чтение индексов таблицы "public.teacher_subjects"
pg_dump: чтение индексов таблицы "public.teachers"
pg_dump: чтение индексов таблицы "public.timetable"
pg_dump: чтение индексов таблицы "public.visit"
pg_dump: чтение индексов таблицы "public.work_program"
pg_dump: чтение индексов таблицы "public.migrations"
pg_dump: чтение индексов таблицы "public.users"
pg_dump: чтение индексов таблицы "public.password_resets"
pg_dump: чтение индексов таблицы "public.failed_jobs"
pg_dump: чтение индексов таблицы "public.personal_access_tokens"
pg_dump: пометка индексов в секционированных таблицах
pg_dump: чтение расширенной статистики
pg_dump: чтение ограничений
pg_dump: чтение ограничений внешних ключей таблицы "public.classroom"
pg_dump: чтение ограничений внешних ключей таблицы "public.class"
pg_dump: чтение ограничений внешних ключей таблицы "public.disciplines"
pg_dump: чтение ограничений внешних ключей таблицы "public.lesson"
pg_dump: чтение ограничений внешних ключей таблицы "public.literature"
pg_dump: чтение ограничений внешних ключей таблицы "public.marks"
pg_dump: чтение ограничений внешних ключей таблицы "public.students"
pg_dump: чтение ограничений внешних ключей таблицы "public.subjects"
pg_dump: чтение ограничений внешних ключей таблицы "public.teacher_subjects"
pg_dump: чтение ограничений внешних ключей таблицы "public.teachers"
pg_dump: чтение ограничений внешних ключей таблицы "public.timetable"
pg_dump: чтение ограничений внешних ключей таблицы "public.visit"
pg_dump: чтение ограничений внешних ключей таблицы "public.work_program"
pg_dump: чтение ограничений внешних ключей таблицы "public.users"
pg_dump: чтение триггеров
pg_dump: чтение триггеров таблицы "public.classroom"
pg_dump: чтение триггеров таблицы "public.class"
pg_dump: чтение триггеров таблицы "public.disciplines"
pg_dump: чтение триггеров таблицы "public.lesson"
pg_dump: чтение триггеров таблицы "public.literature"
pg_dump: чтение триггеров таблицы "public.marks"
pg_dump: чтение триггеров таблицы "public.students"
pg_dump: чтение триггеров таблицы "public.subjects"
pg_dump: чтение триггеров таблицы "public.teacher_subjects"
pg_dump: чтение триггеров таблицы "public.teachers"
pg_dump: чтение триггеров таблицы "public.timetable"
pg_dump: чтение триггеров таблицы "public.visit"
pg_dump: чтение триггеров таблицы "public.work_program"
pg_dump: чтение триггеров таблицы "public.users"
pg_dump: чтение правил перезаписи
pg_dump: чтение политик
pg_dump: чтение политик защиты на уровне строк
pg_dump: чтение публикаций
pg_dump: чтение участников публикаций
pg_dump: чтение подписок
pg_dump: чтение больших объектов
pg_dump: чтение информации о зависимостях
pg_dump: сохранение кодировки (UTF8)
pg_dump: сохранение standard_conforming_strings (on)
pg_dump: сохранение search_path = 
pg_dump: сохранение определения базы данных
pg_dump: выгрузка содержимого таблицы "public.class"
pg_dump: выгрузка содержимого таблицы "public.classroom"
pg_dump: выгрузка содержимого таблицы "public.disciplines"
pg_dump: выгрузка содержимого таблицы "public.failed_jobs"
pg_dump: выгрузка содержимого таблицы "public.lesson"
pg_dump: выгрузка содержимого таблицы "public.literature"
pg_dump: выгрузка содержимого таблицы "public.marks"
pg_dump: выгрузка содержимого таблицы "public.migrations"
pg_dump: выгрузка содержимого таблицы "public.password_resets"
pg_dump: выгрузка содержимого таблицы "public.personal_access_tokens"
pg_dump: выгрузка содержимого таблицы "public.students"
pg_dump: выгрузка содержимого таблицы "public.subjects"
pg_dump: выгрузка содержимого таблицы "public.teacher_subjects"
pg_dump: выгрузка содержимого таблицы "public.teachers"
pg_dump: выгрузка содержимого таблицы "public.timetable"
pg_dump: выгрузка содержимого таблицы "public.users"
pg_dump: выгрузка содержимого таблицы "public.visit"
pg_dump: выгрузка содержимого таблицы "public.work_program"
